# JRE version: OpenJDK Runtime Environment (24.0.1+9) (build 24.0.1+9-30)
# Java VM: OpenJDK 64-Bit Server VM (24.0.1+9-30, mixed mode, emulated-client, sharing, tiered, compressed oops, compressed class ptrs, g1 gc, windows-amd64)
GC Precious Log:
 CardTable entry size: 512
 Card Set container configuration: InlinePtr #cards 5 size 8 Array Of Cards #cards 10 size 36 Howl #buckets 4 coarsen threshold 1843 Howl Bitmap #cards 512 size 80 coarsen threshold 460 Card regions per heap region 1 cards per card region 2048
 CPUs: 4 total, 4 available
 Memory: 8101M
 Large Page Support: Disabled
 NUMA Support: Disabled
 Compressed Oops: Enabled (32-bit)
 Heap Region Size: 1M
 Heap Min Capacity: 8M
 Heap Initial Capacity: 128M
 Heap Max Capacity: 2026M
 Pre-touch: Disabled
 Parallel Workers: 4
 Concurrent Workers: 1
 Concurrent Refinement Workers: 4
 Periodic GC: Disabled
Heap:
 garbage-first heap   total reserved 2074624K, committed 55296K, used 40256K [0x0000000081600000, 0x0000000100000000)
  region size 1024K, 10 young (10240K), 2 survivors (2048K)
 Metaspace       used 67197K, committed 67712K, reserved 1114112K
  class space    used 7988K, committed 8192K, reserved 1048576K
GC Heap History (20 events):
Event: 90.936 GC heap before
{Heap before GC invocations=10 (full 0):
 garbage-first heap   total reserved 2074624K, committed 55296K, used 45793K [0x0000000081600000, 0x0000000100000000)
  region size 1024K, 26 young (26624K), 3 survivors (3072K)
 Metaspace       used 47943K, committed 48384K, reserved 1114112K
  class space    used 5344K, committed 5504K, reserved 1048576K
}
Event: 90.943 GC heap after
{Heap after GC invocations=11 (full 0):
 garbage-first heap   total reserved 2074624K, committed 55296K, used 23692K [0x0000000081600000, 0x0000000100000000)
  region size 1024K, 4 young (4096K), 4 survivors (4096K)
 Metaspace       used 47943K, committed 48384K, reserved 1114112K
  class space    used 5344K, committed 5504K, reserved 1048576K
}
Event: 97.331 GC heap before
{Heap before GC invocations=11 (full 0):
 garbage-first heap   total reserved 2074624K, committed 55296K, used 45196K [0x0000000081600000, 0x0000000100000000)
  region size 1024K, 25 young (25600K), 4 survivors (4096K)
 Metaspace       used 52775K, committed 53312K, reserved 1114112K
  class space    used 5921K, committed 6144K, reserved 1048576K
}
Event: 97.343 GC heap after
{Heap after GC invocations=12 (full 0):
 garbage-first heap   total reserved 2074624K, committed 55296K, used 25014K [0x0000000081600000, 0x0000000100000000)
  region size 1024K, 3 young (3072K), 3 survivors (3072K)
 Metaspace       used 52775K, committed 53312K, reserved 1114112K
  class space    used 5921K, committed 6144K, reserved 1048576K
}
Event: 111.505 GC heap before
{Heap before GC invocations=12 (full 0):
 garbage-first heap   total reserved 2074624K, committed 55296K, used 46518K [0x0000000081600000, 0x0000000100000000)
  region size 1024K, 24 young (24576K), 3 survivors (3072K)
 Metaspace       used 55661K, committed 56128K, reserved 1114112K
  class space    used 6179K, committed 6400K, reserved 1048576K
}
Event: 111.510 GC heap after
{Heap after GC invocations=13 (full 0):
 garbage-first heap   total reserved 2074624K, committed 55296K, used 26796K [0x0000000081600000, 0x0000000100000000)
  region size 1024K, 3 young (3072K), 3 survivors (3072K)
 Metaspace       used 55661K, committed 56128K, reserved 1114112K
  class space    used 6179K, committed 6400K, reserved 1048576K
}
Event: 116.591 GC heap before
{Heap before GC invocations=13 (full 0):
 garbage-first heap   total reserved 2074624K, committed 55296K, used 47276K [0x0000000081600000, 0x0000000100000000)
  region size 1024K, 23 young (23552K), 3 survivors (3072K)
 Metaspace       used 58502K, committed 59072K, reserved 1114112K
  class space    used 6504K, committed 6720K, reserved 1048576K
}
Event: 116.600 GC heap after
{Heap after GC invocations=14 (full 0):
 garbage-first heap   total reserved 2074624K, committed 55296K, used 28355K [0x0000000081600000, 0x0000000100000000)
  region size 1024K, 2 young (2048K), 2 survivors (2048K)
 Metaspace       used 58502K, committed 59072K, reserved 1114112K
  class space    used 6504K, committed 6720K, reserved 1048576K
}
Event: 119.828 GC heap before
{Heap before GC invocations=14 (full 0):
 garbage-first heap   total reserved 2074624K, committed 55296K, used 31427K [0x0000000081600000, 0x0000000100000000)
  region size 1024K, 7 young (7168K), 2 survivors (2048K)
 Metaspace       used 59768K, committed 60288K, reserved 1114112K
  class space    used 6797K, committed 7040K, reserved 1048576K
}
Event: 119.837 GC heap after
{Heap after GC invocations=15 (full 0):
 garbage-first heap   total reserved 2074624K, committed 55296K, used 28478K [0x0000000081600000, 0x0000000100000000)
  region size 1024K, 2 young (2048K), 2 survivors (2048K)
 Metaspace       used 59768K, committed 60288K, reserved 1114112K
  class space    used 6797K, committed 7040K, reserved 1048576K
}
Event: 120.926 GC heap before
{Heap before GC invocations=16 (full 0):
 garbage-first heap   total reserved 2074624K, committed 55296K, used 46910K [0x0000000081600000, 0x0000000100000000)
  region size 1024K, 21 young (21504K), 2 survivors (2048K)
 Metaspace       used 60443K, committed 60864K, reserved 1114112K
  class space    used 6947K, committed 7104K, reserved 1048576K
}
Event: 120.930 GC heap after
{Heap after GC invocations=17 (full 0):
 garbage-first heap   total reserved 2074624K, committed 55296K, used 29700K [0x0000000081600000, 0x0000000100000000)
  region size 1024K, 3 young (3072K), 3 survivors (3072K)
 Metaspace       used 60443K, committed 60864K, reserved 1114112K
  class space    used 6947K, committed 7104K, reserved 1048576K
}
Event: 121.562 GC heap before
{Heap before GC invocations=17 (full 0):
 garbage-first heap   total reserved 2074624K, committed 55296K, used 47108K [0x0000000081600000, 0x0000000100000000)
  region size 1024K, 20 young (20480K), 3 survivors (3072K)
 Metaspace       used 61663K, committed 62144K, reserved 1114112K
  class space    used 7279K, committed 7488K, reserved 1048576K
}
Event: 121.569 GC heap after
{Heap after GC invocations=18 (full 0):
 garbage-first heap   total reserved 2074624K, committed 55296K, used 30198K [0x0000000081600000, 0x0000000100000000)
  region size 1024K, 3 young (3072K), 3 survivors (3072K)
 Metaspace       used 61663K, committed 62144K, reserved 1114112K
  class space    used 7279K, committed 7488K, reserved 1048576K
}
Event: 121.959 GC heap before
{Heap before GC invocations=18 (full 0):
 garbage-first heap   total reserved 2074624K, committed 55296K, used 46582K [0x0000000081600000, 0x0000000100000000)
  region size 1024K, 20 young (20480K), 3 survivors (3072K)
 Metaspace       used 63217K, committed 63680K, reserved 1114112K
  class space    used 7469K, committed 7680K, reserved 1048576K
}
Event: 121.963 GC heap after
{Heap after GC invocations=19 (full 0):
 garbage-first heap   total reserved 2074624K, committed 55296K, used 30816K [0x0000000081600000, 0x0000000100000000)
  region size 1024K, 2 young (2048K), 2 survivors (2048K)
 Metaspace       used 63217K, committed 63680K, reserved 1114112K
  class space    used 7469K, committed 7680K, reserved 1048576K
}
Event: 127.798 GC heap before
{Heap before GC invocations=20 (full 0):
 garbage-first heap   total reserved 2074624K, committed 55296K, used 48224K [0x0000000081600000, 0x0000000100000000)
  region size 1024K, 19 young (19456K), 2 survivors (2048K)
 Metaspace       used 65056K, committed 65536K, reserved 1114112K
  class space    used 7704K, committed 7872K, reserved 1048576K
}
Event: 127.804 GC heap after
{Heap after GC invocations=21 (full 0):
 garbage-first heap   total reserved 2074624K, committed 55296K, used 33181K [0x0000000081600000, 0x0000000100000000)
  region size 1024K, 3 young (3072K), 3 survivors (3072K)
 Metaspace       used 65056K, committed 65536K, reserved 1114112K
  class space    used 7704K, committed 7872K, reserved 1048576K
}
Event: 289.331 GC heap before
{Heap before GC invocations=21 (full 0):
 garbage-first heap   total reserved 2074624K, committed 55296K, used 47517K [0x0000000081600000, 0x0000000100000000)
  region size 1024K, 17 young (17408K), 3 survivors (3072K)
 Metaspace       used 66746K, committed 67328K, reserved 1114112K
  class space    used 7920K, committed 8192K, reserved 1048576K
}
Event: 289.341 GC heap after
{Heap after GC invocations=22 (full 0):
 garbage-first heap   total reserved 2074624K, committed 55296K, used 34112K [0x0000000081600000, 0x0000000100000000)
  region size 1024K, 2 young (2048K), 2 survivors (2048K)
 Metaspace       used 66746K, committed 67328K, reserved 1114112K
  class space    used 7920K, committed 8192K, reserved 1048576K
}

